eeschema (22-Jun-2014 BZR 4027)-stable  >> Creation date: Thu 06 Aug 2015 10:30:11 PM CEST
#Cmp ( order = Reference )
| C1         0.1nF       
| C2         0.1nF       
| C3         1nF         
| C4         1uF         
| C5         3.3nF       
| C6         330uF       
| C7         1nF         
| C8         1.2pF/1.5pF*
| C9         5pF         
| C10        1nF         
| C11        100uF       
| D1         4.7V        
| D2         1N4007      
| J1         USB         
| L1         0.1uF/0.1uF*
| P1         CONN_1      
| P2         CONN_1      
| P3         CONN_1      
| P4         CONN_1      
| P5         CONN_1      
| P6         CONN_1      
| P7         CONN_1      
| P8         CONN_1      
| Q1         BFR92       
| Q2         BFR92       
| R1         5k6         
| R2         5k6         
| R3         150R        
| R4         2k2         
| R5         470k        
| R6         8k2         
| R7         470k        
| R8         100k        
| R9         330R        
| R10        560R        
| R11        10k         
| R12        10k         
| SW1        reed_switch 
| SW2        slide       
| U1         AD623       
| U2         TLC272CD    
#End Cmp

#Cmp ( order = Value )
| 1.2pF/1.5pF* C8        
| 5pF          C9        
| 0.1nF        C1        
| 0.1nF        C2        
| 1nF          C3        
| 1nF          C7        
| 1nF          C10       
| 3.3nF        C5        
| 1uF          C4        
| 100uF        C11       
| 330uF        C6        
| 4.7V         D1        
| 1N4007       D2        
| USB          J1        
| 0.1uF/0.1uF* L1        
| CONN_1       P1        
| CONN_1       P2        
| CONN_1       P3        
| CONN_1       P4        
| CONN_1       P5        
| CONN_1       P6        
| CONN_1       P7        
| CONN_1       P8        
| BFR92        Q1        
| BFR92        Q2        
| 150R         R3        
| 330R         R9        
| 560R         R10       
| 2k2          R4        
| 5k6          R1        
| 5k6          R2        
| 8k2          R6        
| 10k          R11       
| 10k          R12       
| 100k         R8        
| 470k         R5        
| 470k         R7        
| reed_switch  SW1       
| slide        SW2       
| AD623        U1        
| TLC272CD     U2        
#End Cmp

#End List
